<?xml version="1.0" encoding="UTF-8"?>
<!-- Generated by org.testng.reporters.JUnitXMLReporter -->
<testsuite ignored="0" hostname="DELL" failures="1" tests="6" name="Test1" time="86.028" errors="0" timestamp="2022-12-27T12:52:57 IST">
  <testcase classname="com.inetbanking.testcases.LoginTestwithmultipledata" name="loginDDT" time="11.383"/>
  <testcase classname="com.inetbanking.testcases.LoginTestwithmultipledata" name="loginDDT" time="7.523"/>
  <testcase classname="com.inetbanking.testcases.LoginTest" name="loginTest" time="12.372">
    <failure type="java.lang.AssertionError" message="null">
      <![CDATA[java.lang.AssertionError: null
at com.inetbanking.testcases.LoginTest.loginTest(LoginTest.java:23)
at java.base/java.util.ArrayList.forEach(ArrayList.java:1541)
... Removed 29 stack frames]]>
    </failure>
  </testcase> <!-- loginTest -->
  <testcase classname="com.inetbanking.testcases.HomePageTest" name="verifyHomePage" time="16.592"/>
  <testcase classname="com.inetbanking.testcases.HomePageTest" name="verifyhomPage" time="15.349"/>
  <testcase classname="com.inetbanking.testcases.HomePageTest" name="verifyhomPage1" time="16.245"/>
</testsuite> <!-- Test1 -->
