<?xml version="1.0" encoding="UTF-8"?>
<!-- Generated by org.testng.reporters.JUnitXMLReporter -->
<testsuite ignored="0" hostname="DELL" failures="1" tests="6" name="Test2" time="87.408" errors="0" timestamp="2022-12-27T12:54:24 IST">
  <testcase classname="com.inetbanking.testcases.LoginTestwithmultipledata" name="loginDDT" time="11.542"/>
  <testcase classname="com.inetbanking.testcases.LoginTestwithmultipledata" name="loginDDT" time="7.275"/>
  <testcase classname="com.inetbanking.testcases.LoginTest" name="loginTest" time="10.278">
    <failure type="java.lang.AssertionError" message="null">
      <![CDATA[java.lang.AssertionError: null
at com.inetbanking.testcases.LoginTest.loginTest(LoginTest.java:23)
at java.base/java.util.ArrayList.forEach(ArrayList.java:1541)
... Removed 29 stack frames]]>
    </failure>
  </testcase> <!-- loginTest -->
  <testcase classname="com.inetbanking.testcases.HomePageTest" name="verifyHomePage" time="16.788"/>
  <testcase classname="com.inetbanking.testcases.HomePageTest" name="verifyhomPage" time="15.972"/>
  <testcase classname="com.inetbanking.testcases.HomePageTest" name="verifyhomPage1" time="21.913"/>
</testsuite> <!-- Test2 -->
